<?xml version="1.0" encoding="UTF-8"?>
<!-- Generated by org.testng.reporters.JUnitReportReporter -->
<testsuite hostname="Shreyonika" failures="0" tests="1" name="com.Base.PostRequestDeptUpdate" time="5.987" errors="0" timestamp="2024-03-06T10:41:32 IST" skipped="0">
  <testcase classname="com.Base.PostRequestDeptUpdate" name="TC03" time="5.987"/>
  <system-out/>
</testsuite> <!-- com.Base.PostRequestDeptUpdate -->
