<?xml version="1.0" encoding="UTF-8"?>
<!-- Generated by org.testng.reporters.JUnitReportReporter -->
<testsuite hostname="Shreyonika" failures="0" tests="1" name="com.Base.FirstpostRequest" time="5.994" errors="0" timestamp="2024-03-06T16:57:49 IST" skipped="0">
  <testcase classname="com.Base.FirstpostRequest" name="TC01" time="5.994"/>
  <system-out/>
</testsuite> <!-- com.Base.FirstpostRequest -->
