<?xml version="1.0" encoding="UTF-8"?>
<!-- Generated by org.testng.reporters.JUnitReportReporter -->
<testsuite hostname="Shreyonika" failures="0" tests="10" name="com.QDTAS_HRM.PostRequestForDepartmentSection" time="15.578" errors="0" timestamp="2024-03-11T13:19:51 IST" skipped="0">
  <testcase classname="com.QDTAS_HRM.PostRequestForDepartmentSection" name="generateToken" time="5.565"/>
  <system-out/>
  <testcase classname="com.QDTAS_HRM.PostRequestForDepartmentSection" name="addDepatment" time="1.032"/>
  <system-out/>
  <testcase classname="com.QDTAS_HRM.PostRequestForDepartmentSection" name="addDepatment" time="1.127"/>
  <system-out/>
  <testcase classname="com.QDTAS_HRM.PostRequestForDepartmentSection" name="addDepatment" time="0.973"/>
  <system-out/>
  <testcase classname="com.QDTAS_HRM.PostRequestForDepartmentSection" name="addDepatment" time="0.962"/>
  <system-out/>
  <testcase classname="com.QDTAS_HRM.PostRequestForDepartmentSection" name="addDepatment" time="1.104"/>
  <system-out/>
  <testcase classname="com.QDTAS_HRM.PostRequestForDepartmentSection" name="updateDepatment" time="1.416"/>
  <system-out/>
  <testcase classname="com.QDTAS_HRM.PostRequestForDepartmentSection" name="getAllEmpByDeptId" time="1.237"/>
  <system-out/>
  <testcase classname="com.QDTAS_HRM.PostRequestForDepartmentSection" name="AllDept" time="1.223"/>
  <system-out/>
  <testcase classname="com.QDTAS_HRM.PostRequestForDepartmentSection" name="deleteDepartment" time="0.939"/>
  <system-out/>
</testsuite> <!-- com.QDTAS_HRM.PostRequestForDepartmentSection -->
