<?xml version="1.0" encoding="UTF-8"?>
<!-- Generated by org.testng.reporters.JUnitReportReporter -->
<testsuite hostname="Shreyonika" failures="0" tests="1" name="com.Base.PostRequestgetAllDept" time="3.427" errors="0" timestamp="2024-03-06T10:59:57 IST" skipped="0">
  <testcase classname="com.Base.PostRequestgetAllDept" name="TC04" time="3.427"/>
  <system-out/>
</testsuite> <!-- com.Base.PostRequestgetAllDept -->
