<?xml version="1.0" encoding="UTF-8"?>
<!-- Generated by org.testng.reporters.JUnitReportReporter -->
<testsuite hostname="Shreyonika" failures="0" tests="1" name="com.Base.PostRequestGetAllEmpByDeptId" time="3.314" errors="0" timestamp="2024-03-06T10:57:38 IST" skipped="0">
  <testcase classname="com.Base.PostRequestGetAllEmpByDeptId" name="TC05" time="3.314"/>
  <system-out/>
</testsuite> <!-- com.Base.PostRequestGetAllEmpByDeptId -->
