<?xml version="1.0" encoding="UTF-8"?>
<!-- Generated by org.testng.reporters.JUnitReportReporter -->
<testsuite hostname="Shreyonika" failures="0" tests="3" name="com.Base.PostRequestForDepartmentSection" time="8.996" errors="0" timestamp="2024-03-06T17:07:05 IST" skipped="0">
  <testcase classname="com.Base.PostRequestForDepartmentSection" name="addDepatment" time="2.386"/>
  <system-out/>
  <testcase classname="com.Base.PostRequestForDepartmentSection" name="addDepatment" time="1.264"/>
  <system-out/>
  <testcase classname="com.Base.PostRequestForDepartmentSection" name="addDepatment" time="5.346"/>
  <system-out/>
</testsuite> <!-- com.Base.PostRequestForDepartmentSection -->
