<?xml version="1.0" encoding="UTF-8"?>
<!-- Generated by org.testng.reporters.JUnitReportReporter -->
<testsuite hostname="Shreyonika" failures="0" tests="1" name="com.Base.PostRequestToDelete" time="2.397" errors="0" timestamp="2024-03-06T17:22:47 IST" skipped="0">
  <testcase classname="com.Base.PostRequestToDelete" name="TC06" time="2.397"/>
  <system-out/>
</testsuite> <!-- com.Base.PostRequestToDelete -->
